# JRE version: 6.0_30-b30
# Java VM: OpenJDK Server VM (23.25-b01 mixed mode linux-x86 )
Heap
 par new generation   total 39296K, used 26445K [0x86500000, 0x88fa0000, 0x90fa0000)
  eden space 34944K,  63% used [0x86500000, 0x87a937c0, 0x88720000)
  from space 4352K, 100% used [0x88b60000, 0x88fa0000, 0x88fa0000)
  to   space 4352K,   0% used [0x88720000, 0x88720000, 0x88b60000)
 concurrent mark-sweep generation total 87424K, used 49495K [0x90fa0000, 0x96500000, 0xa6500000)
 concurrent-mark-sweep perm gen total 89388K, used 67104K [0xa6500000, 0xabc4b000, 0xb2d00000)
GC Heap History (10 events):
Event: 98.150 GC heap before
{Heap before GC invocations=16 (full 1):
 par new generation   total 39296K, used 39253K [0x86500000, 0x88fa0000, 0x90fa0000)
  eden space 34944K,  99% used [0x86500000, 0x88715530, 0x88720000)
  from space 4352K, 100% used [0x88720000, 0x88b60000, 0x88b60000)
  to   space 4352K,   0% used [0x88b60000, 0x88b60000, 0x88fa0000)
 concurrent mark-sweep generation total 87424K, used 41046K [0x90fa0000, 0x96500000, 0xa6500000)
 concurrent-mark-sweep perm gen total 89388K, used 64542K [0xa6500000, 0xabc4b000, 0xb2d00000)
Event: 98.172 GC heap after
Heap after GC invocations=17 (full 1):
 par new generation   total 39296K, used 4352K [0x86500000, 0x88fa0000, 0x90fa0000)
  eden space 34944K,   0% used [0x86500000, 0x86500000, 0x88720000)
  from space 4352K, 100% used [0x88b60000, 0x88fa0000, 0x88fa0000)
  to   space 4352K,   0% used [0x88720000, 0x88720000, 0x88b60000)
 concurrent mark-sweep generation total 87424K, used 42856K [0x90fa0000, 0x96500000, 0xa6500000)
 concurrent-mark-sweep perm gen total 89388K, used 64542K [0xa6500000, 0xabc4b000, 0xb2d00000)
}
Event: 122.855 GC heap before
{Heap before GC invocations=17 (full 1):
 par new generation   total 39296K, used 39296K [0x86500000, 0x88fa0000, 0x90fa0000)
  eden space 34944K, 100% used [0x86500000, 0x88720000, 0x88720000)
  from space 4352K, 100% used [0x88b60000, 0x88fa0000, 0x88fa0000)
  to   space 4352K,   0% used [0x88720000, 0x88720000, 0x88b60000)
 concurrent mark-sweep generation total 87424K, used 42856K [0x90fa0000, 0x96500000, 0xa6500000)
 concurrent-mark-sweep perm gen total 89388K, used 65231K [0xa6500000, 0xabc4b000, 0xb2d00000)
Event: 122.864 GC heap after
Heap after GC invocations=18 (full 1):
 par new generation   total 39296K, used 2668K [0x86500000, 0x88fa0000, 0x90fa0000)
  eden space 34944K,   0% used [0x86500000, 0x86500000, 0x88720000)
  from space 4352K,  61% used [0x88720000, 0x889bb1d0, 0x88b60000)
  to   space 4352K,   0% used [0x88b60000, 0x88b60000, 0x88fa0000)
 concurrent mark-sweep generation total 87424K, used 42856K [0x90fa0000, 0x96500000, 0xa6500000)
 concurrent-mark-sweep perm gen total 89388K, used 65231K [0xa6500000, 0xabc4b000, 0xb2d00000)
}
Event: 123.597 GC heap before
{Heap before GC invocations=18 (full 1):
 par new generation   total 39296K, used 37612K [0x86500000, 0x88fa0000, 0x90fa0000)
  eden space 34944K, 100% used [0x86500000, 0x88720000, 0x88720000)
  from space 4352K,  61% used [0x88720000, 0x889bb1d0, 0x88b60000)
  to   space 4352K,   0% used [0x88b60000, 0x88b60000, 0x88fa0000)
 concurrent mark-sweep generation total 87424K, used 42856K [0x90fa0000, 0x96500000, 0xa6500000)
 concurrent-mark-sweep perm gen total 89388K, used 65602K [0xa6500000, 0xabc4b000, 0xb2d00000)
Event: 123.613 GC heap after
Heap after GC invocations=19 (full 1):
 par new generation   total 39296K, used 4352K [0x86500000, 0x88fa0000, 0x90fa0000)
  eden space 34944K,   0% used [0x86500000, 0x86500000, 0x88720000)
  from space 4352K, 100% used [0x88b60000, 0x88fa0000, 0x88fa0000)
  to   space 4352K,   0% used [0x88720000, 0x88720000, 0x88b60000)
 concurrent mark-sweep generation total 87424K, used 44803K [0x90fa0000, 0x96500000, 0xa6500000)
 concurrent-mark-sweep perm gen total 89388K, used 65602K [0xa6500000, 0xabc4b000, 0xb2d00000)
}
Event: 147.147 GC heap before
{Heap before GC invocations=19 (full 1):
 par new generation   total 39296K, used 37451K [0x86500000, 0x88fa0000, 0x90fa0000)
  eden space 34944K,  94% used [0x86500000, 0x88552c08, 0x88720000)
  from space 4352K, 100% used [0x88b60000, 0x88fa0000, 0x88fa0000)
  to   space 4352K,   0% used [0x88720000, 0x88720000, 0x88b60000)
 concurrent mark-sweep generation total 87424K, used 44803K [0x90fa0000, 0x96500000, 0xa6500000)
 concurrent-mark-sweep perm gen total 89388K, used 66207K [0xa6500000, 0xabc4b000, 0xb2d00000)
Event: 147.169 GC heap after
Heap after GC invocations=20 (full 1):
 par new generation   total 39296K, used 3407K [0x86500000, 0x88fa0000, 0x90fa0000)
  eden space 34944K,   0% used [0x86500000, 0x86500000, 0x88720000)
  from space 4352K,  78% used [0x88720000, 0x88a73de8, 0x88b60000)
  to   space 4352K,   0% used [0x88b60000, 0x88b60000, 0x88fa0000)
 concurrent mark-sweep generation total 87424K, used 48926K [0x90fa0000, 0x96500000, 0xa6500000)
 concurrent-mark-sweep perm gen total 89388K, used 66207K [0xa6500000, 0xabc4b000, 0xb2d00000)
}
Event: 159.086 GC heap before
{Heap before GC invocations=20 (full 1):
 par new generation   total 39296K, used 38351K [0x86500000, 0x88fa0000, 0x90fa0000)
  eden space 34944K, 100% used [0x86500000, 0x88720000, 0x88720000)
  from space 4352K,  78% used [0x88720000, 0x88a73de8, 0x88b60000)
  to   space 4352K,   0% used [0x88b60000, 0x88b60000, 0x88fa0000)
 concurrent mark-sweep generation total 87424K, used 48926K [0x90fa0000, 0x96500000, 0xa6500000)
 concurrent-mark-sweep perm gen total 89388K, used 67000K [0xa6500000, 0xabc4b000, 0xb2d00000)
Event: 159.099 GC heap after
Heap after GC invocations=21 (full 1):
 par new generation   total 39296K, used 4352K [0x86500000, 0x88fa0000, 0x90fa0000)
  eden space 34944K,   0% used [0x86500000, 0x86500000, 0x88720000)
  from space 4352K, 100% used [0x88b60000, 0x88fa0000, 0x88fa0000)
  to   space 4352K,   0% used [0x88720000, 0x88720000, 0x88b60000)
 concurrent mark-sweep generation total 87424K, used 49495K [0x90fa0000, 0x96500000, 0xa6500000)
 concurrent-mark-sweep perm gen total 89388K, used 67000K [0xa6500000, 0xabc4b000, 0xb2d00000)
}

